16:49:27.376 INFO - Selenium build info: version: '3.4.0', revision: 'unknown'
16:49:27.376 INFO - Launching a standalone Selenium Server
2017-06-15 16:49:27.391:INFO::main: Logging initialized @189ms to org.seleniumhq.jetty9.util.log.StdErrLog
16:49:27.438 INFO - Driver class not found: com.opera.core.systems.OperaDriver
16:49:27.438 INFO - Driver provider com.opera.core.systems.OperaDriver registration is skipped:
Unable to create new instances on this machine.
16:49:27.438 INFO - Driver class not found: com.opera.core.systems.OperaDriver
16:49:27.438 INFO - Driver provider com.opera.core.systems.OperaDriver is not registered
16:49:27.438 INFO - Driver provider org.openqa.selenium.safari.SafariDriver registration is skipped:
 registration capabilities Capabilities [{browserName=safari, version=, platform=MAC}] does not match the current platform WIN10
2017-06-15 16:49:27.470:INFO:osjs.Server:main: jetty-9.4.3.v20170317
2017-06-15 16:49:27.501:INFO:osjsh.ContextHandler:main: Started o.s.j.s.ServletContextHandler@d8355a8{/,null,AVAILABLE}
2017-06-15 16:49:27.610:INFO:osjs.AbstractConnector:main: Started ServerConnector@5f2108b5{HTTP/1.1,[http/1.1]}{0.0.0.0:4444}
2017-06-15 16:49:27.610:INFO:osjs.Server:main: Started @402ms
16:49:27.610 INFO - Selenium Server is up and running
16:49:27.826 INFO - SessionCleaner initialized with insideBrowserTimeout 0 and clientGoneTimeout 1800000 polling every 180000
16:49:27.841 INFO - Executing: [new session: Capabilities [{acceptSslCerts=true, name=01 Nwt Login, browserName=chrome, javascriptEnabled=true, platform=ANY}]])
16:49:27.857 INFO - Creating a new session for Capabilities [{acceptSslCerts=true, name=01 Nwt Login, browserName=chrome, javascriptEnabled=true, platform=ANY}]
Starting ChromeDriver 2.29.461591 (62ebf098771772160f391d75e589dc567915b233) on port 33792
Only local connections are allowed.
16:49:30.203 INFO - Detected dialect: OSS
16:49:30.243 INFO - Done: [new session: Capabilities [{acceptSslCerts=true, name=01 Nwt Login, browserName=chrome, javascriptEnabled=true, platform=ANY}]]
16:49:30.259 INFO - Executing: [get: https://lucky13-dev.herokuapp.com/])
16:49:31.760 INFO - Done: [get: https://lucky13-dev.herokuapp.com/]
16:49:31.780 INFO - Executing: [find elements: By.cssSelector: body])
16:49:31.856 INFO - Done: [find elements: By.cssSelector: body]
16:49:31.860 INFO - Executing: [is displayed: 0 [[ChromeDriver: chrome on XP (d85e32881be269e1344bd00de73c9000)] -> css selector: body]])
16:49:31.884 INFO - Done: [is displayed: 0 [[ChromeDriver: chrome on XP (d85e32881be269e1344bd00de73c9000)] -> css selector: body]]
16:49:31.892 INFO - Executing: [find element: By.cssSelector: a[href='login.html']])
16:49:31.912 INFO - Done: [find element: By.cssSelector: a[href='login.html']]
16:49:31.916 INFO - Executing: [click: 1 [[ChromeDriver: chrome on XP (d85e32881be269e1344bd00de73c9000)] -> css selector: a[href='login.html']]])
16:49:33.134 INFO - Done: [click: 1 [[ChromeDriver: chrome on XP (d85e32881be269e1344bd00de73c9000)] -> css selector: a[href='login.html']]]
16:49:33.142 INFO - Executing: [find elements: By.cssSelector: #username])
16:49:33.162 INFO - Done: [find elements: By.cssSelector: #username]
16:49:33.166 INFO - Executing: [is displayed: 2 [[ChromeDriver: chrome on XP (d85e32881be269e1344bd00de73c9000)] -> css selector: #username]])
16:49:33.186 INFO - Done: [is displayed: 2 [[ChromeDriver: chrome on XP (d85e32881be269e1344bd00de73c9000)] -> css selector: #username]]
16:49:33.698 INFO - Executing: [is displayed: 2 [[ChromeDriver: chrome on XP (d85e32881be269e1344bd00de73c9000)] -> css selector: #username]])
16:49:33.726 INFO - Done: [is displayed: 2 [[ChromeDriver: chrome on XP (d85e32881be269e1344bd00de73c9000)] -> css selector: #username]]
16:49:33.734 INFO - Executing: [find element: By.cssSelector: #username])
16:49:33.786 INFO - Done: [find element: By.cssSelector: #username]
16:49:33.794 INFO - Executing: [send keys: 2 [[ChromeDriver: chrome on XP (d85e32881be269e1344bd00de73c9000)] -> css selector: #username], [a, h, @, u, c, s, d, ., e, d, u]])
16:49:33.886 INFO - Done: [send keys: 2 [[ChromeDriver: chrome on XP (d85e32881be269e1344bd00de73c9000)] -> css selector: #username], [a, h, @, u, c, s, d, ., e, d, u]]
16:49:33.890 INFO - Executing: [find element: By.cssSelector: #password])
16:49:33.906 INFO - Done: [find element: By.cssSelector: #password]
16:49:33.910 INFO - Executing: [send keys: 3 [[ChromeDriver: chrome on XP (d85e32881be269e1344bd00de73c9000)] -> css selector: #password], [A, a, 1, 2, 3, 1, 2, 3]])
16:49:33.978 INFO - Done: [send keys: 3 [[ChromeDriver: chrome on XP (d85e32881be269e1344bd00de73c9000)] -> css selector: #password], [A, a, 1, 2, 3, 1, 2, 3]]
16:49:33.982 INFO - Executing: [find element: By.cssSelector: #loginButton])
16:49:34.002 INFO - Done: [find element: By.cssSelector: #loginButton]
16:49:34.006 INFO - Executing: [click: 4 [[ChromeDriver: chrome on XP (d85e32881be269e1344bd00de73c9000)] -> css selector: #loginButton]])
16:49:34.067 INFO - Done: [click: 4 [[ChromeDriver: chrome on XP (d85e32881be269e1344bd00de73c9000)] -> css selector: #loginButton]]
16:49:34.071 INFO - Executing: [find elements: By.cssSelector: #visitor-queue])
16:49:34.095 INFO - Done: [find elements: By.cssSelector: #visitor-queue]
16:49:34.599 INFO - Executing: [find elements: By.cssSelector: #visitor-queue])
16:49:35.431 INFO - Done: [find elements: By.cssSelector: #visitor-queue]
16:49:35.435 INFO - Executing: [is displayed: 5 [[ChromeDriver: chrome on XP (d85e32881be269e1344bd00de73c9000)] -> css selector: #visitor-queue]])
16:49:35.483 INFO - Done: [is displayed: 5 [[ChromeDriver: chrome on XP (d85e32881be269e1344bd00de73c9000)] -> css selector: #visitor-queue]]
16:49:35.488 INFO - Executing: [delete session: 657c7b65-2a20-4ec0-af22-b0ca25082ab7])
16:49:36.330 INFO - Done: [delete session: 657c7b65-2a20-4ec0-af22-b0ca25082ab7]
16:49:36.346 INFO - Executing: [new session: Capabilities [{acceptSslCerts=true, name=02 Nwt Logout, browserName=chrome, javascriptEnabled=true, platform=ANY}]])
16:49:36.361 INFO - Creating a new session for Capabilities [{acceptSslCerts=true, name=02 Nwt Logout, browserName=chrome, javascriptEnabled=true, platform=ANY}]
Starting ChromeDriver 2.29.461591 (62ebf098771772160f391d75e589dc567915b233) on port 15172
Only local connections are allowed.
16:49:38.296 INFO - Detected dialect: OSS
16:49:38.296 INFO - Done: [new session: Capabilities [{acceptSslCerts=true, name=02 Nwt Logout, browserName=chrome, javascriptEnabled=true, platform=ANY}]]
16:49:38.312 INFO - Executing: [get: https://lucky13-dev.herokuapp.com/])
16:49:39.778 INFO - Done: [get: https://lucky13-dev.herokuapp.com/]
16:49:39.790 INFO - Executing: [find elements: By.cssSelector: body])
16:49:39.842 INFO - Done: [find elements: By.cssSelector: body]
16:49:39.846 INFO - Executing: [is displayed: 0 [[ChromeDriver: chrome on XP (3c7739e2a6d30ba75a055a4ea0f34295)] -> css selector: body]])
16:49:39.878 INFO - Done: [is displayed: 0 [[ChromeDriver: chrome on XP (3c7739e2a6d30ba75a055a4ea0f34295)] -> css selector: body]]
16:49:39.882 INFO - Executing: [find element: By.cssSelector: a[href='login.html']])
16:49:39.910 INFO - Done: [find element: By.cssSelector: a[href='login.html']]
16:49:39.914 INFO - Executing: [click: 1 [[ChromeDriver: chrome on XP (3c7739e2a6d30ba75a055a4ea0f34295)] -> css selector: a[href='login.html']]])
16:49:41.094 INFO - Done: [click: 1 [[ChromeDriver: chrome on XP (3c7739e2a6d30ba75a055a4ea0f34295)] -> css selector: a[href='login.html']]]
16:49:41.098 INFO - Executing: [find elements: By.cssSelector: #username])
16:49:41.118 INFO - Done: [find elements: By.cssSelector: #username]
16:49:41.122 INFO - Executing: [is displayed: 2 [[ChromeDriver: chrome on XP (3c7739e2a6d30ba75a055a4ea0f34295)] -> css selector: #username]])
16:49:41.142 INFO - Done: [is displayed: 2 [[ChromeDriver: chrome on XP (3c7739e2a6d30ba75a055a4ea0f34295)] -> css selector: #username]]
16:49:41.650 INFO - Executing: [is displayed: 2 [[ChromeDriver: chrome on XP (3c7739e2a6d30ba75a055a4ea0f34295)] -> css selector: #username]])
16:49:41.674 INFO - Done: [is displayed: 2 [[ChromeDriver: chrome on XP (3c7739e2a6d30ba75a055a4ea0f34295)] -> css selector: #username]]
16:49:41.686 INFO - Executing: [find element: By.cssSelector: #username])
16:49:41.742 INFO - Done: [find element: By.cssSelector: #username]
16:49:41.750 INFO - Executing: [send keys: 2 [[ChromeDriver: chrome on XP (3c7739e2a6d30ba75a055a4ea0f34295)] -> css selector: #username], [a, h, @, u, c, s, d, ., e, d, u]])
16:49:41.886 INFO - Done: [send keys: 2 [[ChromeDriver: chrome on XP (3c7739e2a6d30ba75a055a4ea0f34295)] -> css selector: #username], [a, h, @, u, c, s, d, ., e, d, u]]
16:49:41.890 INFO - Executing: [find element: By.cssSelector: #password])
16:49:41.910 INFO - Done: [find element: By.cssSelector: #password]
16:49:41.914 INFO - Executing: [send keys: 3 [[ChromeDriver: chrome on XP (3c7739e2a6d30ba75a055a4ea0f34295)] -> css selector: #password], [A, a, 1, 2, 3, 1, 2, 3]])
16:49:41.991 INFO - Done: [send keys: 3 [[ChromeDriver: chrome on XP (3c7739e2a6d30ba75a055a4ea0f34295)] -> css selector: #password], [A, a, 1, 2, 3, 1, 2, 3]]
16:49:41.995 INFO - Executing: [find element: By.cssSelector: #loginButton])
16:49:42.015 INFO - Done: [find element: By.cssSelector: #loginButton]
16:49:42.019 INFO - Executing: [click: 4 [[ChromeDriver: chrome on XP (3c7739e2a6d30ba75a055a4ea0f34295)] -> css selector: #loginButton]])
16:49:42.079 INFO - Done: [click: 4 [[ChromeDriver: chrome on XP (3c7739e2a6d30ba75a055a4ea0f34295)] -> css selector: #loginButton]]
16:49:42.083 INFO - Executing: [find elements: By.cssSelector: #visitor-queue])
16:49:42.107 INFO - Done: [find elements: By.cssSelector: #visitor-queue]
16:49:42.609 INFO - Executing: [find elements: By.cssSelector: #visitor-queue])
16:49:43.549 INFO - Done: [find elements: By.cssSelector: #visitor-queue]
16:49:43.553 INFO - Executing: [is displayed: 5 [[ChromeDriver: chrome on XP (3c7739e2a6d30ba75a055a4ea0f34295)] -> css selector: #visitor-queue]])
16:49:43.573 INFO - Done: [is displayed: 5 [[ChromeDriver: chrome on XP (3c7739e2a6d30ba75a055a4ea0f34295)] -> css selector: #visitor-queue]]
16:49:43.577 INFO - Executing: [delete session: 875b4299-6af9-4768-a0d0-f064cdc444f4])
16:49:44.376 INFO - Done: [delete session: 875b4299-6af9-4768-a0d0-f064cdc444f4]
